RXSDK/RXSDK-Android/rxsdk_kwai_monitor/build/intermediates/manifest_merge_blame_file/debug/manifest-merger-blame-debug-report.txt
1<?xml version="1.0" encoding="utf-8"?>
2<manifest xmlns:android="http://schemas.android.com/apk/res/android"
3    package="com.ruixue.sdk.kwaimonitor" >
4
5    <uses-sdk android:minSdkVersion="21" />
5-->src/main/AndroidManifest.xml
6
7    <!-- 联网 -->
8    <uses-permission android:name="android.permission.INTERNET" />
8-->src/main/AndroidManifest.xml:6:5-67
8-->src/main/AndroidManifest.xml:6:22-64
9    <!-- MAC / 用户标识 -->
10    <uses-permission android:name="android.permission.ACCESS_WIFI_STATE" />
10-->src/main/AndroidManifest.xml:8:5-76
10-->src/main/AndroidManifest.xml:8:22-73
11    <!-- 网络类型 -->
12    <uses-permission android:name="android.permission.ACCESS_NETWORK_STATE" />
12-->src/main/AndroidManifest.xml:10:5-79
12-->src/main/AndroidManifest.xml:10:22-76
13    <!-- IMEI，API>=23 需动态申请 -->
14    <uses-permission android:name="android.permission.READ_PHONE_STATE" />
14-->src/main/AndroidManifest.xml:12:5-75
14-->src/main/AndroidManifest.xml:12:22-72
15
16</manifest>